[19:20:14] OCR start: 112 files, jobs=4
[19:20:14] ocr    059uap00011.pdf ...
[19:20:21] ok     059uap00011.pdf  (7s, 1 MB)
[19:20:22] ocr    059uap00012.pdf ...
[19:20:22] ok     059uap00012.pdf  (0s, 1 MB)
[19:20:22] ocr    059uap00013.pdf ...
[19:20:23] ok     059uap00013.pdf  (1s, 1 MB)
[19:20:23] ocr    18_6369445_general_1948_vol_1.pdf ...
[19:20:56] ok     18_6369445_general_1948_vol_1.pdf  (33s, 47 MB)
[19:20:56] ocr    2024-04-30-composite-sketch.pdf ...
[19:20:57] ok     2024-04-30-composite-sketch.pdf  (1s, 0 MB)
[19:20:57] ocr    255_413270_ufo's_and_defense_what_should_we_prepare_for.pdf ...
[19:22:05] ok     255_413270_ufo's_and_defense_what_should_we_prepare_for.pdf  (68s, 29 MB)
[19:22:05] ocr    255_t_763_r1b_transcripts.pdf ...
[19:22:09] ok     255_t_763_r1b_transcripts.pdf  (4s, 0 MB)
[19:22:09] ocr    331_120752_numeric_files_1944–1945_37153_german_armament_equipment_documents.pdf ...
[19:22:41] ok     331_120752_numeric_files_1944–1945_37153_german_armament_equipment_documents.pdf  (32s, 16 MB)
[19:22:41] ocr    341_110448_records_relating_to_the_collection_and_dissemination_of_intelligence_1948-1955-ts_cont_no.2_2-5300-2-5399.pdf ...
[19:22:51] ok     341_110448_records_relating_to_the_collection_and_dissemination_of_intelligence_1948-1955-ts_cont_no.2_2-5300-2-5399.pdf  (10s, 6 MB)
[19:22:51] ocr    341_110677_numerical_file_5-2500.pdf ...
[19:23:29] ok     341_110677_numerical_file_5-2500.pdf  (38s, 12 MB)
[19:23:29] ocr    342_hs1-416511228_box186_319.1-flying-discs-1949.pdf ...
[19:27:32] ok     342_hs1-416511228_box186_319.1-flying-discs-1949.pdf  (243s, 127 MB)
[19:27:32] ocr    38_143685_box7_incident_summaries_1-100.pdf ...
[19:30:16] ok     38_143685_box7_incident_summaries_1-100.pdf  (164s, 187 MB)
[19:30:16] ocr    38_143685_box7_incident_summaries_101-172.pdf ...
[19:32:48] ok     38_143685_box7_incident_summaries_101-172.pdf  (152s, 178 MB)
[19:32:48] ocr    38_143685_box7_incident_summaries_173-233.pdf ...
[19:34:11] ok     38_143685_box7_incident_summaries_173-233.pdf  (83s, 41 MB)
[19:34:11] ocr    59_214434_sp_16_7.18.1963.pdf ...
[19:34:17] ok     59_214434_sp_16_7.18.1963.pdf  (6s, 1 MB)
[19:34:17] ocr    59_214434_sp_16_[7.18.1963].pdf ...
[19:34:23] ok     59_214434_sp_16_[7.18.1963].pdf  (6s, 1 MB)
[19:34:23] ocr    65_hs1-101634279_100-de-18221_serial_844.pdf ...
[19:34:26] ok     65_hs1-101634279_100-de-18221_serial_844.pdf  (3s, 1 MB)
[19:34:26] ocr    65_hs1-101634279_100-de-26505.pdf ...
[19:34:41] ok     65_hs1-101634279_100-de-26505.pdf  (15s, 10 MB)
[19:34:41] ocr    65_hs1-834228961_62-hq-83894_section_1.pdf ...
[19:36:41] ok     65_hs1-834228961_62-hq-83894_section_1.pdf  (119s, 81 MB)
[19:36:41] ocr    65_hs1-834228961_62-hq-83894_section_10.pdf ...
[19:40:09] ok     65_hs1-834228961_62-hq-83894_section_10.pdf  (208s, 89 MB)
[19:40:09] ocr    65_hs1-834228961_62-hq-83894_section_2.pdf ...
[19:42:33] ok     65_hs1-834228961_62-hq-83894_section_2.pdf  (144s, 91 MB)
[19:42:33] ocr    65_hs1-834228961_62-hq-83894_section_3.pdf ...
[19:44:41] ok     65_hs1-834228961_62-hq-83894_section_3.pdf  (128s, 46 MB)
[19:44:41] ocr    65_hs1-834228961_62-hq-83894_section_4.pdf ...
[19:47:10] ok     65_hs1-834228961_62-hq-83894_section_4.pdf  (149s, 79 MB)
[19:47:10] ocr    65_hs1-834228961_62-hq-83894_section_5.pdf ...
[19:49:28] ok     65_hs1-834228961_62-hq-83894_section_5.pdf  (138s, 56 MB)
[19:49:28] ocr    65_hs1-834228961_62-hq-83894_section_6.pdf ...
[19:53:59] ok     65_hs1-834228961_62-hq-83894_section_6.pdf  (271s, 286 MB)
[19:53:59] ocr    65_hs1-834228961_62-hq-83894_section_7.pdf ...
[19:56:30] ok     65_hs1-834228961_62-hq-83894_section_7.pdf  (151s, 60 MB)
[19:56:30] ocr    65_hs1-834228961_62-hq-83894_section_8.pdf ...
[19:58:51] ok     65_hs1-834228961_62-hq-83894_section_8.pdf  (141s, 94 MB)
[19:58:51] ocr    65_hs1-834228961_62-hq-83894_section_9.pdf ...
[20:01:41] ok     65_hs1-834228961_62-hq-83894_section_9.pdf  (170s, 78 MB)
[20:01:41] ocr    65_hs1-834228961_62-hq-83894_serial_130.pdf ...
[20:03:16] ok     65_hs1-834228961_62-hq-83894_serial_130.pdf  (95s, 92 MB)
[20:03:16] ocr    65_hs1-834228961_62-hq-83894_serial_164.pdf ...
[20:05:04] ok     65_hs1-834228961_62-hq-83894_serial_164.pdf  (108s, 34 MB)
[20:05:04] ocr    65_hs1-834228961_62-hq-83894_serial_220.pdf ...
[20:05:18] ok     65_hs1-834228961_62-hq-83894_serial_220.pdf  (14s, 7 MB)
[20:05:18] ocr    65_hs1-834228961_62-hq-83894_serial_403.pdf ...
[20:05:23] ok     65_hs1-834228961_62-hq-83894_serial_403.pdf  (5s, 4 MB)
[20:05:23] ocr    65_hs1-834228961_62-hq-83894_serial_438.pdf ...
[20:05:49] ok     65_hs1-834228961_62-hq-83894_serial_438.pdf  (26s, 13 MB)
[20:05:49] ocr    65_hs1-834228961_62-hq-83894_serial_449.pdf ...
[20:06:11] ok     65_hs1-834228961_62-hq-83894_serial_449.pdf  (22s, 10 MB)
[20:06:11] ocr    65_hs1-834228961_62-hq-83894_sub_a.pdf ...
[20:06:49] ok     65_hs1-834228961_62-hq-83894_sub_a.pdf  (38s, 40 MB)
[20:06:49] ocr    dos-uap-d1-cable-1-papua-new-guinea-january-1985.pdf ...
[20:06:50] ok     dos-uap-d1-cable-1-papua-new-guinea-january-1985.pdf  (1s, 0 MB)
[20:06:50] ocr    dos-uap-d2-cable-2-kazakhstan-january-1994.pdf ...
[20:06:51] ok     dos-uap-d2-cable-2-kazakhstan-january-1994.pdf  (1s, 0 MB)
[20:06:51] ocr    dow-uap-d10-mission-report-middle-east-may-2022.pdf ...
[20:06:51] ok     dow-uap-d10-mission-report-middle-east-may-2022.pdf  (0s, 1 MB)
[20:06:51] ocr    dow-uap-d12-mission-report-iraq-may-2022.pdf ...
[20:06:52] ok     dow-uap-d12-mission-report-iraq-may-2022.pdf  (1s, 1 MB)
[20:06:52] ocr    dow-uap-d14-mission-report-iraq-may-2022.pdf ...
[20:06:56] ok     dow-uap-d14-mission-report-iraq-may-2022.pdf  (4s, 7 MB)
[20:06:56] ocr    dow-uap-d16-mission-report-syria-july-2022.pdf ...
[20:06:59] ok     dow-uap-d16-mission-report-syria-july-2022.pdf  (3s, 6 MB)
[20:06:59] ocr    dow-uap-d18-mission-report-iraq-december-2022.pdf ...
[20:07:00] ok     dow-uap-d18-mission-report-iraq-december-2022.pdf  (1s, 3 MB)
[20:07:00] ocr    dow-uap-d19-mission-report-syria-february-21-2023.pdf ...
[20:07:02] ok     dow-uap-d19-mission-report-syria-february-21-2023.pdf  (2s, 5 MB)
[20:07:02] ocr    dow-uap-d20-mission-report-southern-united-states-2020.pdf ...
[20:07:04] ok     dow-uap-d20-mission-report-southern-united-states-2020.pdf  (2s, 3 MB)
[20:07:04] ocr    dow-uap-d23-mission-report-united-arab-emirates-october-2023.pdf ...
[20:07:05] ok     dow-uap-d23-mission-report-united-arab-emirates-october-2023.pdf  (1s, 1 MB)
[20:07:05] ocr    dow-uap-d25-mission-report-greece-january-2024.pdf ...
[20:07:05] ok     dow-uap-d25-mission-report-greece-january-2024.pdf  (0s, 1 MB)
[20:07:05] ocr    dow-uap-d27-mission-report-united-arab-emirates-october-2023.pdf ...
[20:07:06] ok     dow-uap-d27-mission-report-united-arab-emirates-october-2023.pdf  (1s, 1 MB)
[20:07:06] ocr    dow-uap-d28-mission-report-east-china-sea-2024.pdf ...
[20:07:06] ok     dow-uap-d28-mission-report-east-china-sea-2024.pdf  (0s, 1 MB)
[20:07:06] ocr    dow-uap-d3-mission-report-arabian-gulf-2020.pdf ...
[20:07:07] ok     dow-uap-d3-mission-report-arabian-gulf-2020.pdf  (1s, 0 MB)
[20:07:07] ocr    dow-uap-d33-mission-report-greece-october-2023.pdf ...
[20:07:08] ok     dow-uap-d33-mission-report-greece-october-2023.pdf  (1s, 1 MB)
[20:07:08] ocr    dow-uap-d35-mission-report-greece-october-2023.pdf ...
[20:07:09] ok     dow-uap-d35-mission-report-greece-october-2023.pdf  (1s, 1 MB)
[20:07:09] ocr    dow-uap-d38-range-fouler-debrief-middle-east-may-2020.pdf ...
[20:07:09] ok     dow-uap-d38-range-fouler-debrief-middle-east-may-2020.pdf  (0s, 0 MB)
[20:07:09] ocr    dow-uap-d4-mission-report-arabian-gulf-2020.pdf ...
[20:07:10] ok     dow-uap-d4-mission-report-arabian-gulf-2020.pdf  (1s, 0 MB)
[20:07:10] ocr    dow-uap-d42-range-fouler-debrief-japan-2023.pdf ...
[20:07:10] ok     dow-uap-d42-range-fouler-debrief-japan-2023.pdf  (0s, 0 MB)
[20:07:10] ocr    dow-uap-d44-range-fouler-arabian-sea-october-2020.pdf ...
[20:07:11] ok     dow-uap-d44-range-fouler-arabian-sea-october-2020.pdf  (1s, 0 MB)
[20:07:11] ocr    dow-uap-d48-report-september-1996.pdf ...
[20:07:36] ok     dow-uap-d48-report-september-1996.pdf  (25s, 22 MB)
[20:07:36] ocr    dow-uap-d49-launch-summary-february-2000.pdf ...
[20:07:52] ok     dow-uap-d49-launch-summary-february-2000.pdf  (16s, 9 MB)
[20:07:52] ocr    dow-uap-d5-mission-report-arabian-gulf-2020.pdf ...
[20:07:52] ok     dow-uap-d5-mission-report-arabian-gulf-2020.pdf  (0s, 0 MB)
[20:07:52] ocr    dow-uap-d50-email-correspondence-indopacom-april-2025.pdf ...
[20:07:53] ok     dow-uap-d50-email-correspondence-indopacom-april-2025.pdf  (1s, 0 MB)
[20:07:53] ocr    dow-uap-d51-email-correspondence-pacific-time-zone-march-2023.pdf ...
[20:07:53] ok     dow-uap-d51-email-correspondence-pacific-time-zone-march-2023.pdf  (0s, 0 MB)
[20:07:53] ocr    dow-uap-d52-email-correspondance-na-august-2024.pdf ...
[20:07:54] ok     dow-uap-d52-email-correspondance-na-august-2024.pdf  (1s, 0 MB)
[20:07:54] ocr    dow-uap-d54-mission-report-mediterranean-sea-na.pdf ...
[20:07:54] ok     dow-uap-d54-mission-report-mediterranean-sea-na.pdf  (0s, 0 MB)
[20:07:54] ocr    dow-uap-d55-mission-report-syria-november-2016.pdf ...
[20:07:54] ok     dow-uap-d55-mission-report-syria-november-2016.pdf  (0s, 0 MB)
[20:07:54] ocr    dow-uap-d56-range-fouler-debrief-arabian-sea-august-2020.pdf ...
[20:07:55] ok     dow-uap-d56-range-fouler-debrief-arabian-sea-august-2020.pdf  (1s, 2 MB)
[20:07:55] ocr    dow-uap-d57-mission-report-gulf-of-aden-september-2020.pdf ...
[20:07:56] ok     dow-uap-d57-mission-report-gulf-of-aden-september-2020.pdf  (1s, 0 MB)
[20:07:56] ocr    dow-uap-d58-range-fouler-debrief-na-october-2020.pdf ...
[20:07:56] ok     dow-uap-d58-range-fouler-debrief-na-october-2020.pdf  (0s, 0 MB)
[20:07:56] ocr    dow-uap-d6-mission-report-arabian-gulf-2020.pdf ...
[20:07:57] ok     dow-uap-d6-mission-report-arabian-gulf-2020.pdf  (1s, 0 MB)
[20:07:57] ocr    dow-uap-d60-mission-report-persian-gulf-august-2020.pdf ...
[20:08:00] ok     dow-uap-d60-mission-report-persian-gulf-august-2020.pdf  (3s, 3 MB)
[20:08:00] ocr    dow-uap-d61-mission-report-persian-gulf-august-2020.pdf ...
[20:08:01] ok     dow-uap-d61-mission-report-persian-gulf-august-2020.pdf  (1s, 1 MB)
[20:08:01] ocr    dow-uap-d62-mission-report-strait-of-hormuz-september-2020.pdf ...
[20:08:02] ok     dow-uap-d62-mission-report-strait-of-hormuz-september-2020.pdf  (1s, 1 MB)
[20:08:02] ocr    dow-uap-d63-mission-report-strait-of-hormuz-october-2020.pdf ...
[20:08:05] ok     dow-uap-d63-mission-report-strait-of-hormuz-october-2020.pdf  (3s, 5 MB)
[20:08:05] ocr    dow-uap-d64-mission-report-iran-november-2020.pdf ...
[20:08:06] ok     dow-uap-d64-mission-report-iran-november-2020.pdf  (1s, 1 MB)
[20:08:06] ocr    dow-uap-d65-mission-report-persian-gulf-july-2020.pdf ...
[20:08:10] ok     dow-uap-d65-mission-report-persian-gulf-july-2020.pdf  (4s, 4 MB)
[20:08:10] ocr    dow-uap-d7-mission-report-arabian-gulf-2020.pdf ...
[20:08:10] ok     dow-uap-d7-mission-report-arabian-gulf-2020.pdf  (0s, 0 MB)
[20:08:10] ocr    dow-uap-d74-mission-report-syria-november-2023.pdf ...
[20:08:11] ok     dow-uap-d74-mission-report-syria-november-2023.pdf  (1s, 1 MB)
[20:08:11] ocr    dow-uap-d75-mission-report-gulf-of-aden-july-2024.pdf ...
[20:08:11] ok     dow-uap-d75-mission-report-gulf-of-aden-july-2024.pdf  (0s, 1 MB)
[20:08:11] ocr    dow-uap-d8-mission-report-djibouti-2025.pdf ...
[20:08:12] ok     dow-uap-d8-mission-report-djibouti-2025.pdf  (1s, 0 MB)
[20:08:12] ocr    dow-uap-pr20.pdf ...
[20:08:14] ok     dow-uap-pr20.pdf  (2s, 1 MB)
[20:08:14] ocr    fbi-photo-b1.pdf ...
[20:08:15] ok     fbi-photo-b1.pdf  (1s, 0 MB)
[20:08:15] ocr    fbi-photo-b10.pdf ...
[20:08:16] ok     fbi-photo-b10.pdf  (1s, 0 MB)
[20:08:16] ocr    fbi-photo-b11.pdf ...
[20:08:17] ok     fbi-photo-b11.pdf  (1s, 0 MB)
[20:08:17] ocr    fbi-photo-b12.pdf ...
[20:08:18] ok     fbi-photo-b12.pdf  (1s, 0 MB)
[20:08:18] ocr    fbi-photo-b13.pdf ...
[20:08:19] ok     fbi-photo-b13.pdf  (1s, 0 MB)
[20:08:19] ocr    fbi-photo-b14.pdf ...
[20:08:20] ok     fbi-photo-b14.pdf  (1s, 0 MB)
[20:08:20] ocr    fbi-photo-b15.pdf ...
[20:08:20] ok     fbi-photo-b15.pdf  (0s, 0 MB)
[20:08:21] ocr    fbi-photo-b16.pdf ...
[20:08:21] ok     fbi-photo-b16.pdf  (0s, 0 MB)
[20:08:21] ocr    fbi-photo-b17.pdf ...
[20:08:22] ok     fbi-photo-b17.pdf  (1s, 0 MB)
[20:08:22] ocr    fbi-photo-b18.pdf ...
[20:08:23] ok     fbi-photo-b18.pdf  (1s, 0 MB)
[20:08:23] ocr    fbi-photo-b19.pdf ...
[20:08:24] ok     fbi-photo-b19.pdf  (1s, 0 MB)
[20:08:24] ocr    fbi-photo-b2.pdf ...
[20:08:25] ok     fbi-photo-b2.pdf  (1s, 0 MB)
[20:08:25] ocr    fbi-photo-b20.pdf ...
[20:08:26] ok     fbi-photo-b20.pdf  (1s, 0 MB)
[20:08:26] ocr    fbi-photo-b21.pdf ...
[20:08:27] ok     fbi-photo-b21.pdf  (1s, 0 MB)
[20:08:27] ocr    fbi-photo-b22.pdf ...
[20:08:28] ok     fbi-photo-b22.pdf  (1s, 0 MB)
[20:08:28] ocr    fbi-photo-b23.pdf ...
[20:08:29] ok     fbi-photo-b23.pdf  (1s, 0 MB)
[20:08:29] ocr    fbi-photo-b24.pdf ...
[20:08:30] ok     fbi-photo-b24.pdf  (1s, 0 MB)
[20:08:30] ocr    fbi-photo-b3.pdf ...
[20:08:31] ok     fbi-photo-b3.pdf  (1s, 0 MB)
[20:08:31] ocr    fbi-photo-b4.pdf ...
[20:08:32] ok     fbi-photo-b4.pdf  (1s, 0 MB)
[20:08:32] ocr    fbi-photo-b5.pdf ...
[20:08:33] ok     fbi-photo-b5.pdf  (1s, 0 MB)
[20:08:33] ocr    fbi-photo-b6.pdf ...
[20:08:34] ok     fbi-photo-b6.pdf  (1s, 0 MB)
[20:08:34] ocr    fbi-photo-b7.pdf ...
[20:08:35] ok     fbi-photo-b7.pdf  (0s, 0 MB)
[20:08:35] ocr    fbi-photo-b8.pdf ...
[20:08:35] ok     fbi-photo-b8.pdf  (0s, 0 MB)
[20:08:36] ocr    fbi-photo-b9.pdf ...
[20:08:36] ok     fbi-photo-b9.pdf  (0s, 0 MB)
[20:08:36] ocr    nasa-uap-d1-apollo-12-transcript-1969.pdf ...
[20:08:37] ok     nasa-uap-d1-apollo-12-transcript-1969.pdf  (1s, 1 MB)
[20:08:37] ocr    nasa-uap-d2-apollo-17-transcript-1972.pdf ...
[20:08:38] ok     nasa-uap-d2-apollo-17-transcript-1972.pdf  (1s, 0 MB)
[20:08:38] ocr    nasa-uap-d4-apollo-11-technical-crew-debriefing-1969.pdf ...
[20:09:47] ok     nasa-uap-d4-apollo-11-technical-crew-debriefing-1969.pdf  (69s, 23 MB)
[20:09:47] ocr    nasa-uap-d5-apollo-17-crew-debriefing-for-science-1973.pdf ...
[20:09:48] ok     nasa-uap-d5-apollo-17-crew-debriefing-for-science-1973.pdf  (1s, 0 MB)
[20:09:48] ocr    nasa-uap-d6-apollo-17-technical-crew-debriefing-1973.pdf ...
[20:09:50] ok     nasa-uap-d6-apollo-17-technical-crew-debriefing-1973.pdf  (2s, 1 MB)
[20:09:50] ocr    nasa-uap-d7-skylab-technical-crew-debriefing-1973.pdf ...
[20:09:56] ok     nasa-uap-d7-skylab-technical-crew-debriefing-1973.pdf  (6s, 0 MB)
[20:09:56] ocr    serial-3_redacted.pdf ...
[20:09:58] ok     serial-3_redacted.pdf  (2s, 1 MB)
[20:09:58] ocr    serial-4-redacted_redacted.pdf ...
[20:10:00] ok     serial-4-redacted_redacted.pdf  (2s, 1 MB)
[20:10:00] ocr    usper-statement-redacted.pdf ...
[20:10:01] ok     usper-statement-redacted.pdf  (1s, 1 MB)
[20:10:01] ocr    western_us_event_slides_5.08.2026.pdf ...
[20:10:01] ok     western_us_event_slides_5.08.2026.pdf  (0s, 0 MB)
[20:10:01] OCR done in 2987s — done:112 skipped:0 failed:0 total:112
